<?xml version="1.0" encoding="UTF-8"?>
<!-- Generated by org.testng.reporters.JUnitXMLReporter -->
<testsuite ignored="0" hostname="LAPTOP-JQOI9LVH" failures="1" tests="2" name="opencartTest" time="58.375" errors="0" timestamp="2023-06-29T12:40:46 IST">
  <testcase classname="testCases.TC_001TestHomepage" name="login_In_With_Valid_Email_And_Password" time="13.794"/>
  <testcase classname="testCases.TC_001InvalidTestHomepage" name="login_In_With_Valid_Email_And_Password" time="12.377">
    <failure type="java.lang.AssertionError" message="expected [true] but found [false]">
      <![CDATA[java.lang.AssertionError: expected [true] but found [false]
at testCases.TC_001InvalidTestHomepage.login_In_With_Valid_Email_And_Password(TC_001InvalidTestHomepage.java:47)
at java.base/java.util.ArrayList.forEach(ArrayList.java:1511)
... Removed 36 stack frames]]>
    </failure>
  </testcase> <!-- login_In_With_Valid_Email_And_Password -->
</testsuite> <!-- opencartTest -->
