<?xml version="1.0" encoding="UTF-8"?>
<testng-results ignored="0" total="2" passed="1" failed="1" skipped="0">
  <reporter-output>
  </reporter-output>
  <suite started-at="2023-06-29T12:39:47 IST" name="opencartSuite" finished-at="2023-06-29T12:40:45 IST" duration-ms="58375">
    <groups>
      <group name="Master">
        <method signature="TC_001InvalidTestHomepage.login_In_With_Valid_Email_And_Password()[pri:0, instance:testCases.TC_001InvalidTestHomepage@4562e04d]" name="login_In_With_Valid_Email_And_Password" class="testCases.TC_001InvalidTestHomepage"/>
        <method signature="TC_001TestHomepage.login_In_With_Valid_Email_And_Password()[pri:0, instance:testCases.TC_001TestHomepage@55b699ef]" name="login_In_With_Valid_Email_And_Password" class="testCases.TC_001TestHomepage"/>
      </group> <!-- Master -->
      <group name="Sanity">
        <method signature="TC_001InvalidTestHomepage.login_In_With_Valid_Email_And_Password()[pri:0, instance:testCases.TC_001InvalidTestHomepage@4562e04d]" name="login_In_With_Valid_Email_And_Password" class="testCases.TC_001InvalidTestHomepage"/>
        <method signature="TC_001TestHomepage.login_In_With_Valid_Email_And_Password()[pri:0, instance:testCases.TC_001TestHomepage@55b699ef]" name="login_In_With_Valid_Email_And_Password" class="testCases.TC_001TestHomepage"/>
      </group> <!-- Sanity -->
    </groups>
    <test started-at="2023-06-29T12:39:47 IST" name="opencartTest" finished-at="2023-06-29T12:40:45 IST" duration-ms="58375">
      <class name="testCases.TC_001TestHomepage">
        <test-method is-config="true" signature="setup(java.lang.String)[pri:0, instance:testCases.TC_001TestHomepage@55b699ef]" started-at="2023-06-29T12:39:48 IST" name="setup" finished-at="2023-06-29T12:40:07 IST" duration-ms="19092" status="PASS">
          <params>
            <param index="0">
              <value>
                <![CDATA[edge]]>
              </value>
            </param>
          </params>
          <reporter-output>
          </reporter-output>
        </test-method> <!-- setup -->
        <test-method signature="login_In_With_Valid_Email_And_Password()[pri:0, instance:testCases.TC_001TestHomepage@55b699ef]" started-at="2023-06-29T12:40:07 IST" name="login_In_With_Valid_Email_And_Password" finished-at="2023-06-29T12:40:20 IST" duration-ms="13794" status="PASS">
          <reporter-output>
          </reporter-output>
        </test-method> <!-- login_In_With_Valid_Email_And_Password -->
        <test-method is-config="true" signature="tearDown()[pri:0, instance:testCases.TC_001TestHomepage@55b699ef]" started-at="2023-06-29T12:40:21 IST" name="tearDown" finished-at="2023-06-29T12:40:21 IST" duration-ms="890" status="PASS">
          <reporter-output>
          </reporter-output>
        </test-method> <!-- tearDown -->
      </class> <!-- testCases.TC_001TestHomepage -->
      <class name="testCases.TC_001InvalidTestHomepage">
        <test-method is-config="true" signature="setup(java.lang.String)[pri:0, instance:testCases.TC_001InvalidTestHomepage@4562e04d]" started-at="2023-06-29T12:40:21 IST" name="setup" finished-at="2023-06-29T12:40:32 IST" duration-ms="10917" status="PASS">
          <params>
            <param index="0">
              <value>
                <![CDATA[edge]]>
              </value>
            </param>
          </params>
          <reporter-output>
          </reporter-output>
        </test-method> <!-- setup -->
        <test-method signature="login_In_With_Valid_Email_And_Password()[pri:0, instance:testCases.TC_001InvalidTestHomepage@4562e04d]" started-at="2023-06-29T12:40:32 IST" name="login_In_With_Valid_Email_And_Password" finished-at="2023-06-29T12:40:45 IST" duration-ms="12377" status="FAIL">
          <exception class="java.lang.AssertionError">
            <message>
              <![CDATA[expected [true] but found [false]]]>
            </message>
            <full-stacktrace>
              <![CDATA[java.lang.AssertionError: expected [true] but found [false]
at org.testng.Assert.fail(Assert.java:111)
at org.testng.Assert.failNotEquals(Assert.java:1578)
at org.testng.Assert.assertEqualsImpl(Assert.java:150)
at org.testng.Assert.assertEquals(Assert.java:132)
at org.testng.Assert.assertEquals(Assert.java:1067)
at org.testng.Assert.assertEquals(Assert.java:1031)
at org.testng.Assert.assertEquals(Assert.java:1077)
at testCases.TC_001InvalidTestHomepage.login_In_With_Valid_Email_And_Password(TC_001InvalidTestHomepage.java:47)
at java.base/jdk.internal.reflect.DirectMethodHandleAccessor.invoke(DirectMethodHandleAccessor.java:104)
at java.base/java.lang.reflect.Method.invoke(Method.java:578)
at org.testng.internal.invokers.MethodInvocationHelper.invokeMethod(MethodInvocationHelper.java:139)
at org.testng.internal.invokers.TestInvoker.invokeMethod(TestInvoker.java:664)
at org.testng.internal.invokers.TestInvoker.invokeTestMethod(TestInvoker.java:227)
at org.testng.internal.invokers.MethodRunner.runInSequence(MethodRunner.java:50)
at org.testng.internal.invokers.TestInvoker$MethodInvocationAgent.invoke(TestInvoker.java:957)
at org.testng.internal.invokers.TestInvoker.invokeTestMethods(TestInvoker.java:200)
at org.testng.internal.invokers.TestMethodWorker.invokeTestMethods(TestMethodWorker.java:148)
at org.testng.internal.invokers.TestMethodWorker.run(TestMethodWorker.java:128)
at java.base/java.util.ArrayList.forEach(ArrayList.java:1511)
at org.testng.TestRunner.privateRun(TestRunner.java:848)
at org.testng.TestRunner.run(TestRunner.java:621)
at org.testng.SuiteRunner.runTest(SuiteRunner.java:443)
at org.testng.SuiteRunner.runSequentially(SuiteRunner.java:437)
at org.testng.SuiteRunner.privateRun(SuiteRunner.java:397)
at org.testng.SuiteRunner.run(SuiteRunner.java:336)
at org.testng.SuiteRunnerWorker.runSuite(SuiteRunnerWorker.java:52)
at org.testng.SuiteRunnerWorker.run(SuiteRunnerWorker.java:95)
at org.testng.TestNG.runSuitesSequentially(TestNG.java:1280)
at org.testng.TestNG.runSuitesLocally(TestNG.java:1200)
at org.testng.TestNG.runSuites(TestNG.java:1114)
at org.testng.TestNG.run(TestNG.java:1082)
at org.apache.maven.surefire.testng.TestNGExecutor.run(TestNGExecutor.java:324)
at org.apache.maven.surefire.testng.TestNGXmlTestSuite.execute(TestNGXmlTestSuite.java:74)
at org.apache.maven.surefire.testng.TestNGProvider.invoke(TestNGProvider.java:123)
at org.apache.maven.surefire.booter.ForkedBooter.runSuitesInProcess(ForkedBooter.java:456)
at org.apache.maven.surefire.booter.ForkedBooter.execute(ForkedBooter.java:169)
at org.apache.maven.surefire.booter.ForkedBooter.run(ForkedBooter.java:595)
at org.apache.maven.surefire.booter.ForkedBooter.main(ForkedBooter.java:581)
]]>
            </full-stacktrace>
          </exception> <!-- java.lang.AssertionError -->
          <reporter-output>
          </reporter-output>
        </test-method> <!-- login_In_With_Valid_Email_And_Password -->
        <test-method is-config="true" signature="tearDown()[pri:0, instance:testCases.TC_001InvalidTestHomepage@4562e04d]" started-at="2023-06-29T12:40:45 IST" name="tearDown" finished-at="2023-06-29T12:40:45 IST" duration-ms="434" status="PASS">
          <reporter-output>
          </reporter-output>
        </test-method> <!-- tearDown -->
      </class> <!-- testCases.TC_001InvalidTestHomepage -->
    </test> <!-- opencartTest -->
  </suite> <!-- opencartSuite -->
</testng-results>
